<?xml version="1.0" encoding="UTF-8"?>
<!-- Generated by org.testng.reporters.JUnitReportReporter -->
<testsuite hostname="DESKTOP-SHL5T3G" name="DemoRestAssured.EcommerceRestTesting" tests="2" failures="0" timestamp="17 Jun 2021 08:37:15 GMT" time="11.327" errors="0">
  <testcase name="login" time="8.012" classname="DemoRestAssured.EcommerceRestTesting"/>
  <testcase name="getallusers" time="3.315" classname="DemoRestAssured.EcommerceRestTesting"/>
</testsuite> <!-- DemoRestAssured.EcommerceRestTesting -->
