<?xml version="1.0" encoding="UTF-8"?>
<!-- Generated by org.testng.reporters.JUnitReportReporter -->
<testsuite hostname="DESKTOP-SHL5T3G" name="DemoRestAssured.RestAssuredTestNG" tests="3" failures="0" timestamp="17 Jun 2021 07:28:50 GMT" time="4.752" errors="0">
  <testcase name="testcase3" time="0.758" classname="DemoRestAssured.RestAssuredTestNG"/>
  <testcase name="testcase1" time="3.325" classname="DemoRestAssured.RestAssuredTestNG"/>
  <testcase name="testcase2" time="0.669" classname="DemoRestAssured.RestAssuredTestNG"/>
</testsuite> <!-- DemoRestAssured.RestAssuredTestNG -->
